<?xml version="1.0" encoding="UTF-8"?>
<testsuite xmlns:xsi="http://www.w3.org/2001/XMLSchema-instance" xsi:noNamespaceSchemaLocation="https://maven.apache.org/surefire/maven-surefire-plugin/xsd/surefire-test-report-3.0.xsd" version="3.0" name="unam.diplomado.modulo2.librosservice.LibrosServiceApplicationTests" time="3.929" tests="1" errors="0" skipped="0" failures="0">
  <properties>
[...]
</properties>
  <testcase name="contextLoads" classname="unam.diplomado.modulo2.librosservice.LibrosServiceApplicationTests" time="0.985">
    <system-out><![CDATA[17:06:29.851 [main] INFO org.springframework.test.context.support.AnnotationConfigContextLoaderUtils -- Could not detect default configuration classes for test class [unam.diplomado.modulo2.librosservice.LibrosServiceApplicationTests]: LibrosServiceApplicationTests does not declare any static, non-private, non-final, nested classes annotated with @Configuration.
17:06:29.957 [main] INFO org.springframework.boot.test.context.SpringBootTestContextBootstrapper -- Found @SpringBootConfiguration unam.diplomado.modulo2.librosservice.LibroServiceApplication for test class unam.diplomado.modulo2.librosservice.LibrosServiceApplicationTests

  .   ____          _            __ _ _
 /\\ / ___'_ __ _ _(_)_ __  __ _ \ \ \ \
( ( )\___ | '_ | '_| | '_ \/ _` | \ \ \ \
 \\/  ___)| |_)| | | | | || (_| |  ) ) ) )
  '  |____| .__|_| |_|_| |_\__, | / / / /
 =========|_|==============|___/=/_/_/_/
 :: Spring Boot ::                (v3.1.3)

2023-10-31T17:06:30.303Z  INFO 3645486 --- [           main] u.d.m.l.LibrosServiceApplicationTests    : Starting LibrosServiceApplicationTests using Java 17.0.8.1 with PID 3645486 (started by clouduser in /home/clouduser/Documents/proyectofinalv3)
2023-10-31T17:06:30.305Z  INFO 3645486 --- [           main] u.d.m.l.LibrosServiceApplicationTests    : No active profile set, falling back to 1 default profile: "default"
2023-10-31T17:06:31.035Z  INFO 3645486 --- [           main] .s.d.r.c.RepositoryConfigurationDelegate : Bootstrapping Spring Data MongoDB repositories in DEFAULT mode.
2023-10-31T17:06:31.078Z  INFO 3645486 --- [           main] .s.d.r.c.RepositoryConfigurationDelegate : Finished Spring Data repository scanning in 38 ms. Found 1 MongoDB repository interfaces.
2023-10-31T17:06:31.651Z  INFO 3645486 --- [           main] org.mongodb.driver.client                : MongoClient with metadata {"driver": {"name": "mongo-java-driver|sync|spring-boot", "version": "4.9.1"}, "os": {"type": "Linux", "name": "Linux", "architecture": "amd64", "version": "5.4.0-164-generic"}, "platform": "Java/Private Build/17.0.8.1+1-Ubuntu-0ubuntu120.04"} created with settings MongoClientSettings{readPreference=primary, writeConcern=WriteConcern{w=null, wTimeout=null ms, journal=null}, retryWrites=true, retryReads=true, readConcern=ReadConcern{level=null}, credential=MongoCredential{mechanism=null, userName='libreria', source='admin', password=<hidden>, mechanismProperties=<hidden>}, streamFactoryFactory=null, commandListeners=[], codecRegistry=ProvidersCodecRegistry{codecProviders=[ValueCodecProvider{}, BsonValueCodecProvider{}, DBRefCodecProvider{}, DBObjectCodecProvider{}, DocumentCodecProvider{}, CollectionCodecProvider{}, IterableCodecProvider{}, MapCodecProvider{}, GeoJsonCodecProvider{}, GridFSFileCodecProvider{}, Jsr310CodecProvider{}, JsonObjectCodecProvider{}, BsonCodecProvider{}, EnumCodecProvider{}, com.mongodb.client.model.mql.ExpressionCodecProvider@71ed560f, com.mongodb.Jep395RecordCodecProvider@5b88b8e]}, loggerSettings=LoggerSettings{maxDocumentLength=1000}, clusterSettings={hosts=[127.0.0.1:27017], srvHost=cluster0.luvjnen.mongodb.net, srvServiceName=mongodb, mode=MULTIPLE, requiredClusterType=REPLICA_SET, requiredReplicaSetName='atlas-g6cxog-shard-0', serverSelector='null', clusterListeners='[]', serverSelectionTimeout='30000 ms', localThreshold='30000 ms'}, socketSettings=SocketSettings{connectTimeoutMS=10000, readTimeoutMS=0, receiveBufferSize=0, sendBufferSize=0}, heartbeatSocketSettings=SocketSettings{connectTimeoutMS=10000, readTimeoutMS=10000, receiveBufferSize=0, sendBufferSize=0}, connectionPoolSettings=ConnectionPoolSettings{maxSize=100, minSize=0, maxWaitTimeMS=120000, maxConnectionLifeTimeMS=0, maxConnectionIdleTimeMS=0, maintenanceInitialDelayMS=0, maintenanceFrequencyMS=60000, connectionPoolListeners=[], maxConnecting=2}, serverSettings=ServerSettings{heartbeatFrequencyMS=10000, minHeartbeatFrequencyMS=500, serverListeners='[]', serverMonitorListeners='[]'}, sslSettings=SslSettings{enabled=true, invalidHostNameAllowed=false, context=null}, applicationName='null', compressorList=[], uuidRepresentation=JAVA_LEGACY, serverApi=null, autoEncryptionSettings=null, contextProvider=null}
2023-10-31T17:06:31.683Z  INFO 3645486 --- [nen.mongodb.net] org.mongodb.driver.cluster               : Adding discovered server ac-m1ojdrl-shard-00-02.luvjnen.mongodb.net:27017 to client view of cluster
2023-10-31T17:06:31.705Z  INFO 3645486 --- [nen.mongodb.net] org.mongodb.driver.cluster               : Adding discovered server ac-m1ojdrl-shard-00-00.luvjnen.mongodb.net:27017 to client view of cluster
2023-10-31T17:06:31.708Z  INFO 3645486 --- [nen.mongodb.net] org.mongodb.driver.cluster               : Adding discovered server ac-m1ojdrl-shard-00-01.luvjnen.mongodb.net:27017 to client view of cluster
2023-10-31T17:06:32.594Z  INFO 3645486 --- [           main] u.d.m.l.LibrosServiceApplicationTests    : Started LibrosServiceApplicationTests in 2.5 seconds (process running for 3.392)
2023-10-31T17:06:32.727Z  INFO 3645486 --- [ngodb.net:27017] org.mongodb.driver.cluster               : Monitor thread successfully connected to server with description ServerDescription{address=ac-m1ojdrl-shard-00-02.luvjnen.mongodb.net:27017, type=REPLICA_SET_PRIMARY, state=CONNECTED, ok=true, minWireVersion=0, maxWireVersion=17, maxDocumentSize=16777216, logicalSessionTimeoutMinutes=30, roundTripTimeNanos=395279069, setName='atlas-g6cxog-shard-0', canonicalAddress=ac-m1ojdrl-shard-00-02.luvjnen.mongodb.net:27017, hosts=[ac-m1ojdrl-shard-00-00.luvjnen.mongodb.net:27017, ac-m1ojdrl-shard-00-02.luvjnen.mongodb.net:27017, ac-m1ojdrl-shard-00-01.luvjnen.mongodb.net:27017], passives=[], arbiters=[], primary='ac-m1ojdrl-shard-00-02.luvjnen.mongodb.net:27017', tagSet=TagSet{[Tag{name='nodeType', value='ELECTABLE'}, Tag{name='provider', value='AWS'}, Tag{name='region', value='US_EAST_1'}, Tag{name='workloadType', value='OPERATIONAL'}]}, electionId=7fffffff00000000000001e8, setVersion=10, topologyVersion=TopologyVersion{processId=6531b073cc2bb69eff9381b9, counter=6}, lastWriteDate=Tue Oct 31 17:06:32 UTC 2023, lastUpdateTimeNanos=1705171786024057}
2023-10-31T17:06:32.727Z  INFO 3645486 --- [ngodb.net:27017] org.mongodb.driver.cluster               : Monitor thread successfully connected to server with description ServerDescription{address=ac-m1ojdrl-shard-00-00.luvjnen.mongodb.net:27017, type=REPLICA_SET_SECONDARY, state=CONNECTED, ok=true, minWireVersion=0, maxWireVersion=17, maxDocumentSize=16777216, logicalSessionTimeoutMinutes=30, roundTripTimeNanos=390488917, setName='atlas-g6cxog-shard-0', canonicalAddress=ac-m1ojdrl-shard-00-00.luvjnen.mongodb.net:27017, hosts=[ac-m1ojdrl-shard-00-00.luvjnen.mongodb.net:27017, ac-m1ojdrl-shard-00-02.luvjnen.mongodb.net:27017, ac-m1ojdrl-shard-00-01.luvjnen.mongodb.net:27017], passives=[], arbiters=[], primary='ac-m1ojdrl-shard-00-02.luvjnen.mongodb.net:27017', tagSet=TagSet{[Tag{name='nodeType', value='ELECTABLE'}, Tag{name='provider', value='AWS'}, Tag{name='region', value='US_EAST_1'}, Tag{name='workloadType', value='OPERATIONAL'}]}, electionId=null, setVersion=10, topologyVersion=TopologyVersion{processId=6531ac36ab63a558efd13f7d, counter=4}, lastWriteDate=Tue Oct 31 17:06:32 UTC 2023, lastUpdateTimeNanos=1705171786083267}
2023-10-31T17:06:32.731Z  INFO 3645486 --- [ngodb.net:27017] org.mongodb.driver.cluster               : Monitor thread successfully connected to server with description ServerDescription{address=ac-m1ojdrl-shard-00-01.luvjnen.mongodb.net:27017, type=REPLICA_SET_SECONDARY, state=CONNECTED, ok=true, minWireVersion=0, maxWireVersion=17, maxDocumentSize=16777216, logicalSessionTimeoutMinutes=30, roundTripTimeNanos=396186333, setName='atlas-g6cxog-shard-0', canonicalAddress=ac-m1ojdrl-shard-00-01.luvjnen.mongodb.net:27017, hosts=[ac-m1ojdrl-shard-00-00.luvjnen.mongodb.net:27017, ac-m1ojdrl-shard-00-02.luvjnen.mongodb.net:27017, ac-m1ojdrl-shard-00-01.luvjnen.mongodb.net:27017], passives=[], arbiters=[], primary='ac-m1ojdrl-shard-00-02.luvjnen.mongodb.net:27017', tagSet=TagSet{[Tag{name='nodeType', value='ELECTABLE'}, Tag{name='provider', value='AWS'}, Tag{name='region', value='US_EAST_1'}, Tag{name='workloadType', value='OPERATIONAL'}]}, electionId=null, setVersion=10, topologyVersion=TopologyVersion{processId=6531b2e9baf75888cf8f6ef0, counter=3}, lastWriteDate=Tue Oct 31 17:06:32 UTC 2023, lastUpdateTimeNanos=1705171787056198}
2023-10-31T17:06:32.732Z  INFO 3645486 --- [ngodb.net:27017] org.mongodb.driver.cluster               : Discovered replica set primary ac-m1ojdrl-shard-00-02.luvjnen.mongodb.net:27017 with max election id 7fffffff00000000000001e8 and max set version 10
]]></system-out>
  </testcase>
</testsuite>